\BOOKMARK [0][-]{chapter.1}{Introduction}{}% 1
\BOOKMARK [0][-]{chapter.2}{Research}{}% 2
\BOOKMARK [1][-]{section.2.1}{BIND}{chapter.2}% 3
\BOOKMARK [1][-]{section.2.2}{Teepee and rust-http}{chapter.2}% 4
\BOOKMARK [0][-]{chapter.3}{Planning}{}% 5
\BOOKMARK [1][-]{section.3.1}{MoSCoW requirements}{chapter.3}% 6
\BOOKMARK [2][-]{subsection.3.1.1}{Must Have}{section.3.1}% 7
\BOOKMARK [2][-]{subsection.3.1.2}{Should Have}{section.3.1}% 8
\BOOKMARK [2][-]{subsection.3.1.3}{Could Have}{section.3.1}% 9
\BOOKMARK [2][-]{subsection.3.1.4}{Would Have}{section.3.1}% 10
\BOOKMARK [1][-]{section.3.2}{Project Timeline}{chapter.3}% 11
\BOOKMARK [0][-]{chapter.4}{Design}{}% 12
\BOOKMARK [1][-]{section.4.1}{User Interface}{chapter.4}% 13
\BOOKMARK [1][-]{section.4.2}{Resolver}{chapter.4}% 14
\BOOKMARK [0][-]{chapter.5}{Implementation}{}% 15
\BOOKMARK [1][-]{section.5.1}{Message Format}{chapter.5}% 16
\BOOKMARK [2][-]{subsection.5.1.1}{Header Format}{section.5.1}% 17
\BOOKMARK [2][-]{subsection.5.1.2}{Question Format}{section.5.1}% 18
\BOOKMARK [2][-]{subsection.5.1.3}{Resource Record Format}{section.5.1}% 19
\BOOKMARK [2][-]{subsection.5.1.4}{Message Compression}{section.5.1}% 20
\BOOKMARK [2][-]{subsection.5.1.5}{Start of Authority Data Format}{section.5.1}% 21
\BOOKMARK [0][-]{chapter.6}{Evaluation}{}% 22
\BOOKMARK [0][-]{chapter.7}{Challenges}{}% 23
\BOOKMARK [0][-]{chapter.8}{Future Work}{}% 24
\BOOKMARK [0][-]{chapter.9}{Conclusion}{}% 25
\BOOKMARK [1][-]{section.9.1}{Appendices}{chapter.9}% 26
\BOOKMARK [2][-]{subsection.9.1.1}{Code Repositories}{section.9.1}% 27
